<?xml version="1.0" encoding="UTF-8"?>
<testng-results ignored="0" total="2" passed="2" failed="0" skipped="0">
  <reporter-output>
  </reporter-output>
  <suite started-at="2024-01-16T14:51:23 IST" name="Default suite" finished-at="2024-01-16T14:51:28 IST" duration-ms="5020">
    <groups>
    </groups>
    <test started-at="2024-01-16T14:51:23 IST" name="Default test" finished-at="2024-01-16T14:51:28 IST" duration-ms="5020">
      <class name="com.sdet.restassured.SendRequest">
        <test-method is-config="true" signature="setup()[pri:0, instance:com.sdet.restassured.SendRequest@66982506]" started-at="2024-01-16T14:51:23 IST" name="setup" finished-at="2024-01-16T14:51:24 IST" duration-ms="492" status="PASS">
          <reporter-output>
          </reporter-output>
        </test-method> <!-- setup -->
        <test-method signature="registerUser()[pri:0, instance:com.sdet.restassured.SendRequest@66982506]" started-at="2024-01-16T14:51:24 IST" name="registerUser" finished-at="2024-01-16T14:51:27 IST" duration-ms="3513" status="PASS">
          <reporter-output>
          </reporter-output>
        </test-method> <!-- registerUser -->
        <test-method signature="wrongPassword()[pri:0, instance:com.sdet.restassured.SendRequest@66982506]" started-at="2024-01-16T14:51:27 IST" name="wrongPassword" finished-at="2024-01-16T14:51:28 IST" duration-ms="957" status="PASS">
          <reporter-output>
          </reporter-output>
        </test-method> <!-- wrongPassword -->
      </class> <!-- com.sdet.restassured.SendRequest -->
    </test> <!-- Default test -->
  </suite> <!-- Default suite -->
</testng-results>
